1710180060.992968 client started (10061): version 3.2a, socket /tmp/tmux-1000/default, protocol 8
1710180060.993007 on Linux 5.15.146.1-microsoft-standard-WSL2 #1 SMP Thu Jan 11 04:09:03 UTC 2024
1710180060.993018 using libevent 2.1.12-stable (poll); ncurses 6.3
1710180060.993039 flags are 0x18010000
1710180060.993048 socket is /tmp/tmux-1000/default
1710180060.993061 trying connect
1710180060.993080 connect failed: Connection refused
1710180060.993093 lock file is /tmp/tmux-1000/default.lock
1710180060.993137 flock succeeded
1710180060.993142 got lock (6)
1710180060.993149 trying connect
1710180060.993159 connect failed: Connection refused
1710180060.993554 add peer 0x561b82eca3e0: 7 ((nil))
1710180060.994259 sending message 100 to peer 0x561b82eca3e0 (4 bytes)
1710180060.994279 sending message 111 to peer 0x561b82eca3e0 (8 bytes)
1710180060.994287 sending message 101 to peer 0x561b82eca3e0 (15 bytes)
1710180060.994293 sending message 109 to peer 0x561b82eca3e0 (4 bytes)
1710180060.994299 sending message 102 to peer 0x561b82eca3e0 (11 bytes)
1710180060.994305 sending message 108 to peer 0x561b82eca3e0 (12 bytes)
1710180060.994312 sending message 112 to peer 0x561b82eca3e0 (58 bytes)
1710180060.994318 sending message 112 to peer 0x561b82eca3e0 (5 bytes)
1710180060.994325 sending message 112 to peer 0x561b82eca3e0 (5 bytes)
1710180060.994332 sending message 112 to peer 0x561b82eca3e0 (6 bytes)
1710180060.994339 sending message 112 to peer 0x561b82eca3e0 (6 bytes)
1710180060.994345 sending message 112 to peer 0x561b82eca3e0 (11 bytes)
1710180060.994351 sending message 112 to peer 0x561b82eca3e0 (10 bytes)
1710180060.994358 sending message 112 to peer 0x561b82eca3e0 (13 bytes)
1710180060.994364 sending message 112 to peer 0x561b82eca3e0 (14 bytes)
1710180060.994370 sending message 112 to peer 0x561b82eca3e0 (19 bytes)
1710180060.994376 sending message 112 to peer 0x561b82eca3e0 (11 bytes)
1710180060.994382 sending message 112 to peer 0x561b82eca3e0 (10 bytes)
1710180060.994388 sending message 112 to peer 0x561b82eca3e0 (15 bytes)
1710180060.994395 sending message 112 to peer 0x561b82eca3e0 (21 bytes)
1710180060.994401 sending message 112 to peer 0x561b82eca3e0 (13 bytes)
1710180060.994407 sending message 112 to peer 0x561b82eca3e0 (7 bytes)
1710180060.994414 sending message 112 to peer 0x561b82eca3e0 (13 bytes)
1710180060.994421 sending message 112 to peer 0x561b82eca3e0 (7 bytes)
1710180060.994428 sending message 112 to peer 0x561b82eca3e0 (13 bytes)
1710180060.994435 sending message 112 to peer 0x561b82eca3e0 (9 bytes)
1710180060.994441 sending message 112 to peer 0x561b82eca3e0 (21 bytes)
1710180060.994448 sending message 112 to peer 0x561b82eca3e0 (13 bytes)
1710180060.994454 sending message 112 to peer 0x561b82eca3e0 (9 bytes)
1710180060.994460 sending message 112 to peer 0x561b82eca3e0 (16 bytes)
1710180060.994466 sending message 112 to peer 0x561b82eca3e0 (13 bytes)
1710180060.994472 sending message 112 to peer 0x561b82eca3e0 (9 bytes)
1710180060.994479 sending message 112 to peer 0x561b82eca3e0 (9 bytes)
1710180060.994485 sending message 112 to peer 0x561b82eca3e0 (12 bytes)
1710180060.994492 sending message 112 to peer 0x561b82eca3e0 (8 bytes)
1710180060.994498 sending message 112 to peer 0x561b82eca3e0 (8 bytes)
1710180060.994504 sending message 112 to peer 0x561b82eca3e0 (13 bytes)
1710180060.994510 sending message 112 to peer 0x561b82eca3e0 (7 bytes)
1710180060.994516 sending message 112 to peer 0x561b82eca3e0 (7 bytes)
1710180060.994522 sending message 112 to peer 0x561b82eca3e0 (9 bytes)
1710180060.994528 sending message 112 to peer 0x561b82eca3e0 (9 bytes)
1710180060.994534 sending message 112 to peer 0x561b82eca3e0 (15 bytes)
1710180060.994541 sending message 112 to peer 0x561b82eca3e0 (13 bytes)
1710180060.994547 sending message 112 to peer 0x561b82eca3e0 (12 bytes)
1710180060.994553 sending message 112 to peer 0x561b82eca3e0 (8 bytes)
1710180060.994560 sending message 112 to peer 0x561b82eca3e0 (14 bytes)
1710180060.994567 sending message 112 to peer 0x561b82eca3e0 (11 bytes)
1710180060.994573 sending message 112 to peer 0x561b82eca3e0 (9 bytes)
1710180060.994591 sending message 112 to peer 0x561b82eca3e0 (10 bytes)
1710180060.994598 sending message 112 to peer 0x561b82eca3e0 (10 bytes)
1710180060.994604 sending message 112 to peer 0x561b82eca3e0 (10 bytes)
1710180060.994611 sending message 112 to peer 0x561b82eca3e0 (10 bytes)
1710180060.994616 sending message 112 to peer 0x561b82eca3e0 (11 bytes)
1710180060.994622 sending message 112 to peer 0x561b82eca3e0 (12 bytes)
1710180060.994628 sending message 112 to peer 0x561b82eca3e0 (12 bytes)
1710180060.994634 sending message 112 to peer 0x561b82eca3e0 (12 bytes)
1710180060.994640 sending message 112 to peer 0x561b82eca3e0 (12 bytes)
1710180060.994647 sending message 112 to peer 0x561b82eca3e0 (12 bytes)
1710180060.994653 sending message 112 to peer 0x561b82eca3e0 (11 bytes)
1710180060.994660 sending message 112 to peer 0x561b82eca3e0 (11 bytes)
1710180060.994666 sending message 112 to peer 0x561b82eca3e0 (12 bytes)
1710180060.994672 sending message 112 to peer 0x561b82eca3e0 (12 bytes)
1710180060.994678 sending message 112 to peer 0x561b82eca3e0 (12 bytes)
1710180060.994684 sending message 112 to peer 0x561b82eca3e0 (12 bytes)
1710180060.994690 sending message 112 to peer 0x561b82eca3e0 (12 bytes)
1710180060.994697 sending message 112 to peer 0x561b82eca3e0 (9 bytes)
1710180060.994703 sending message 112 to peer 0x561b82eca3e0 (12 bytes)
1710180060.994709 sending message 112 to peer 0x561b82eca3e0 (13 bytes)
1710180060.994715 sending message 112 to peer 0x561b82eca3e0 (13 bytes)
1710180060.994722 sending message 112 to peer 0x561b82eca3e0 (13 bytes)
1710180060.994728 sending message 112 to peer 0x561b82eca3e0 (13 bytes)
1710180060.994734 sending message 112 to peer 0x561b82eca3e0 (13 bytes)
1710180060.994740 sending message 112 to peer 0x561b82eca3e0 (8 bytes)
1710180060.994747 sending message 112 to peer 0x561b82eca3e0 (11 bytes)
1710180060.994753 sending message 112 to peer 0x561b82eca3e0 (11 bytes)
1710180060.994759 sending message 112 to peer 0x561b82eca3e0 (11 bytes)
1710180060.994765 sending message 112 to peer 0x561b82eca3e0 (12 bytes)
1710180060.994771 sending message 112 to peer 0x561b82eca3e0 (12 bytes)
1710180060.994778 sending message 112 to peer 0x561b82eca3e0 (12 bytes)
1710180060.994784 sending message 112 to peer 0x561b82eca3e0 (12 bytes)
1710180060.994790 sending message 112 to peer 0x561b82eca3e0 (13 bytes)
1710180060.994796 sending message 112 to peer 0x561b82eca3e0 (13 bytes)
1710180060.994802 sending message 112 to peer 0x561b82eca3e0 (13 bytes)
1710180060.994809 sending message 112 to peer 0x561b82eca3e0 (8 bytes)
1710180060.994815 sending message 112 to peer 0x561b82eca3e0 (13 bytes)
1710180060.994821 sending message 112 to peer 0x561b82eca3e0 (13 bytes)
1710180060.994827 sending message 112 to peer 0x561b82eca3e0 (13 bytes)
1710180060.994833 sending message 112 to peer 0x561b82eca3e0 (13 bytes)
1710180060.994840 sending message 112 to peer 0x561b82eca3e0 (13 bytes)
1710180060.994846 sending message 112 to peer 0x561b82eca3e0 (12 bytes)
1710180060.994852 sending message 112 to peer 0x561b82eca3e0 (12 bytes)
1710180060.994859 sending message 112 to peer 0x561b82eca3e0 (12 bytes)
1710180060.994865 sending message 112 to peer 0x561b82eca3e0 (12 bytes)
1710180060.994871 sending message 112 to peer 0x561b82eca3e0 (13 bytes)
1710180060.994877 sending message 112 to peer 0x561b82eca3e0 (8 bytes)
1710180060.994884 sending message 112 to peer 0x561b82eca3e0 (13 bytes)
1710180060.994891 sending message 112 to peer 0x561b82eca3e0 (13 bytes)
1710180060.994897 sending message 112 to peer 0x561b82eca3e0 (13 bytes)
1710180060.994903 sending message 112 to peer 0x561b82eca3e0 (13 bytes)
1710180060.994909 sending message 112 to peer 0x561b82eca3e0 (13 bytes)
1710180060.994915 sending message 112 to peer 0x561b82eca3e0 (13 bytes)
1710180060.994921 sending message 112 to peer 0x561b82eca3e0 (13 bytes)
1710180060.994927 sending message 112 to peer 0x561b82eca3e0 (12 bytes)
1710180060.994934 sending message 112 to peer 0x561b82eca3e0 (12 bytes)
1710180060.994941 sending message 112 to peer 0x561b82eca3e0 (12 bytes)
1710180060.994954 sending message 112 to peer 0x561b82eca3e0 (8 bytes)
1710180060.994960 sending message 112 to peer 0x561b82eca3e0 (12 bytes)
1710180060.994967 sending message 112 to peer 0x561b82eca3e0 (13 bytes)
1710180060.994973 sending message 112 to peer 0x561b82eca3e0 (13 bytes)
1710180060.994979 sending message 112 to peer 0x561b82eca3e0 (13 bytes)
1710180060.994985 sending message 112 to peer 0x561b82eca3e0 (13 bytes)
1710180060.994990 sending message 112 to peer 0x561b82eca3e0 (13 bytes)
1710180060.994997 sending message 112 to peer 0x561b82eca3e0 (13 bytes)
1710180060.995003 sending message 112 to peer 0x561b82eca3e0 (13 bytes)
1710180060.995009 sending message 112 to peer 0x561b82eca3e0 (13 bytes)
1710180060.995015 sending message 112 to peer 0x561b82eca3e0 (12 bytes)
1710180060.995021 sending message 112 to peer 0x561b82eca3e0 (10 bytes)
1710180060.995028 sending message 112 to peer 0x561b82eca3e0 (12 bytes)
1710180060.995034 sending message 112 to peer 0x561b82eca3e0 (12 bytes)
1710180060.995040 sending message 112 to peer 0x561b82eca3e0 (12 bytes)
1710180060.995047 sending message 112 to peer 0x561b82eca3e0 (13 bytes)
1710180060.995053 sending message 112 to peer 0x561b82eca3e0 (13 bytes)
1710180060.995059 sending message 112 to peer 0x561b82eca3e0 (13 bytes)
1710180060.995065 sending message 112 to peer 0x561b82eca3e0 (13 bytes)
1710180060.995071 sending message 112 to peer 0x561b82eca3e0 (13 bytes)
1710180060.995077 sending message 112 to peer 0x561b82eca3e0 (13 bytes)
1710180060.995082 sending message 112 to peer 0x561b82eca3e0 (13 bytes)
1710180060.995088 sending message 112 to peer 0x561b82eca3e0 (10 bytes)
1710180060.995095 sending message 112 to peer 0x561b82eca3e0 (13 bytes)
1710180060.995101 sending message 112 to peer 0x561b82eca3e0 (12 bytes)
1710180060.995107 sending message 112 to peer 0x561b82eca3e0 (12 bytes)
1710180060.995113 sending message 112 to peer 0x561b82eca3e0 (12 bytes)
1710180060.995119 sending message 112 to peer 0x561b82eca3e0 (10 bytes)
1710180060.995125 sending message 112 to peer 0x561b82eca3e0 (10 bytes)
1710180060.995131 sending message 112 to peer 0x561b82eca3e0 (10 bytes)
1710180060.995138 sending message 112 to peer 0x561b82eca3e0 (12 bytes)
1710180060.995144 sending message 112 to peer 0x561b82eca3e0 (13 bytes)
1710180060.995150 sending message 112 to peer 0x561b82eca3e0 (13 bytes)
1710180060.995157 sending message 112 to peer 0x561b82eca3e0 (13 bytes)
1710180060.995163 sending message 112 to peer 0x561b82eca3e0 (13 bytes)
1710180060.995169 sending message 112 to peer 0x561b82eca3e0 (13 bytes)
1710180060.995175 sending message 112 to peer 0x561b82eca3e0 (10 bytes)
1710180060.995182 sending message 112 to peer 0x561b82eca3e0 (11 bytes)
1710180060.995188 sending message 112 to peer 0x561b82eca3e0 (12 bytes)
1710180060.995195 sending message 112 to peer 0x561b82eca3e0 (12 bytes)
1710180060.995201 sending message 112 to peer 0x561b82eca3e0 (12 bytes)
1710180060.995207 sending message 112 to peer 0x561b82eca3e0 (12 bytes)
1710180060.995213 sending message 112 to peer 0x561b82eca3e0 (12 bytes)
1710180060.995219 sending message 112 to peer 0x561b82eca3e0 (11 bytes)
1710180060.995225 sending message 112 to peer 0x561b82eca3e0 (12 bytes)
1710180060.995231 sending message 112 to peer 0x561b82eca3e0 (12 bytes)
1710180060.995237 sending message 112 to peer 0x561b82eca3e0 (13 bytes)
1710180060.995244 sending message 112 to peer 0x561b82eca3e0 (13 bytes)
1710180060.995250 sending message 112 to peer 0x561b82eca3e0 (13 bytes)
1710180060.995257 sending message 112 to peer 0x561b82eca3e0 (13 bytes)
1710180060.995263 sending message 112 to peer 0x561b82eca3e0 (13 bytes)
1710180060.995269 sending message 112 to peer 0x561b82eca3e0 (10 bytes)
1710180060.995275 sending message 112 to peer 0x561b82eca3e0 (9 bytes)
1710180060.995281 sending message 112 to peer 0x561b82eca3e0 (12 bytes)
1710180060.995287 sending message 112 to peer 0x561b82eca3e0 (13 bytes)
1710180060.995293 sending message 112 to peer 0x561b82eca3e0 (13 bytes)
1710180060.995300 sending message 112 to peer 0x561b82eca3e0 (13 bytes)
1710180060.995313 sending message 112 to peer 0x561b82eca3e0 (13 bytes)
1710180060.995319 sending message 112 to peer 0x561b82eca3e0 (13 bytes)
1710180060.995325 sending message 112 to peer 0x561b82eca3e0 (9 bytes)
1710180060.995331 sending message 112 to peer 0x561b82eca3e0 (12 bytes)
1710180060.995337 sending message 112 to peer 0x561b82eca3e0 (13 bytes)
1710180060.995343 sending message 112 to peer 0x561b82eca3e0 (13 bytes)
1710180060.995349 sending message 112 to peer 0x561b82eca3e0 (13 bytes)
1710180060.995356 sending message 112 to peer 0x561b82eca3e0 (13 bytes)
1710180060.995362 sending message 112 to peer 0x561b82eca3e0 (13 bytes)
1710180060.995368 sending message 112 to peer 0x561b82eca3e0 (11 bytes)
1710180060.995374 sending message 112 to peer 0x561b82eca3e0 (12 bytes)
1710180060.995379 sending message 112 to peer 0x561b82eca3e0 (13 bytes)
1710180060.995386 sending message 112 to peer 0x561b82eca3e0 (13 bytes)
1710180060.995393 sending message 112 to peer 0x561b82eca3e0 (13 bytes)
1710180060.995399 sending message 112 to peer 0x561b82eca3e0 (13 bytes)
1710180060.995405 sending message 112 to peer 0x561b82eca3e0 (13 bytes)
1710180060.995411 sending message 112 to peer 0x561b82eca3e0 (11 bytes)
1710180060.995417 sending message 112 to peer 0x561b82eca3e0 (12 bytes)
1710180060.995423 sending message 112 to peer 0x561b82eca3e0 (12 bytes)
1710180060.995429 sending message 112 to peer 0x561b82eca3e0 (12 bytes)
1710180060.995438 sending message 112 to peer 0x561b82eca3e0 (12 bytes)
1710180060.995445 sending message 112 to peer 0x561b82eca3e0 (12 bytes)
1710180060.995451 sending message 112 to peer 0x561b82eca3e0 (21 bytes)
1710180060.995458 sending message 112 to peer 0x561b82eca3e0 (12 bytes)
1710180060.995464 sending message 112 to peer 0x561b82eca3e0 (9 bytes)
1710180060.995469 sending message 112 to peer 0x561b82eca3e0 (6 bytes)
1710180060.995475 sending message 112 to peer 0x561b82eca3e0 (13 bytes)
1710180060.995481 sending message 112 to peer 0x561b82eca3e0 (10 bytes)
1710180060.995487 sending message 112 to peer 0x561b82eca3e0 (24 bytes)
1710180060.995493 sending message 112 to peer 0x561b82eca3e0 (13 bytes)
1710180060.995500 sending message 112 to peer 0x561b82eca3e0 (9 bytes)
1710180060.995506 sending message 112 to peer 0x561b82eca3e0 (70 bytes)
1710180060.995513 sending message 112 to peer 0x561b82eca3e0 (69 bytes)
1710180060.995521 sending message 112 to peer 0x561b82eca3e0 (12 bytes)
1710180060.995526 sending message 112 to peer 0x561b82eca3e0 (10 bytes)
1710180060.995532 sending message 112 to peer 0x561b82eca3e0 (10 bytes)
1710180060.995541 sending message 112 to peer 0x561b82eca3e0 (24 bytes)
1710180060.995547 sending message 112 to peer 0x561b82eca3e0 (13 bytes)
1710180060.995553 sending message 112 to peer 0x561b82eca3e0 (10 bytes)
1710180060.995559 sending message 112 to peer 0x561b82eca3e0 (10 bytes)
1710180060.995565 sending message 112 to peer 0x561b82eca3e0 (10 bytes)
1710180060.995570 sending message 112 to peer 0x561b82eca3e0 (13 bytes)
1710180060.995576 sending message 112 to peer 0x561b82eca3e0 (15 bytes)
1710180060.995582 sending message 112 to peer 0x561b82eca3e0 (5 bytes)
1710180060.995590 sending message 104 to peer 0x561b82eca3e0 (0 bytes)
1710180060.995597 sending message 110 to peer 0x561b82eca3e0 (0 bytes)
1710180060.995620 sending message 107 to peer 0x561b82eca3e0 (4 bytes)
1710180060.995624 sending message 105 to peer 0x561b82eca3e0 (16 bytes)
1710180060.995629 sending message 105 to peer 0x561b82eca3e0 (24 bytes)
1710180060.995633 sending message 105 to peer 0x561b82eca3e0 (23 bytes)
1710180060.995637 sending message 105 to peer 0x561b82eca3e0 (17 bytes)
1710180060.995641 sending message 105 to peer 0x561b82eca3e0 (16 bytes)
1710180060.995647 sending message 105 to peer 0x561b82eca3e0 (14 bytes)
1710180060.995652 sending message 105 to peer 0x561b82eca3e0 (23 bytes)
1710180060.995656 sending message 105 to peer 0x561b82eca3e0 (17 bytes)
1710180060.995661 sending message 105 to peer 0x561b82eca3e0 (13 bytes)
1710180060.995666 sending message 105 to peer 0x561b82eca3e0 (33 bytes)
1710180060.995674 sending message 105 to peer 0x561b82eca3e0 (1519 bytes)
1710180060.995700 sending message 105 to peer 0x561b82eca3e0 (26 bytes)
1710180060.995706 sending message 105 to peer 0x561b82eca3e0 (34 bytes)
1710180060.995710 sending message 105 to peer 0x561b82eca3e0 (20 bytes)
1710180060.995715 sending message 105 to peer 0x561b82eca3e0 (32 bytes)
1710180060.995720 sending message 105 to peer 0x561b82eca3e0 (11 bytes)
1710180060.995725 sending message 105 to peer 0x561b82eca3e0 (11 bytes)
1710180060.995730 sending message 105 to peer 0x561b82eca3e0 (8 bytes)
1710180060.995734 sending message 105 to peer 0x561b82eca3e0 (32 bytes)
1710180060.995739 sending message 105 to peer 0x561b82eca3e0 (8 bytes)
1710180060.995743 sending message 105 to peer 0x561b82eca3e0 (65 bytes)
1710180060.995748 sending message 105 to peer 0x561b82eca3e0 (326 bytes)
1710180060.995753 sending message 105 to peer 0x561b82eca3e0 (54 bytes)
1710180060.995757 sending message 105 to peer 0x561b82eca3e0 (16 bytes)
1710180060.995762 sending message 105 to peer 0x561b82eca3e0 (40 bytes)
1710180060.995767 sending message 105 to peer 0x561b82eca3e0 (32 bytes)
1710180060.995771 sending message 105 to peer 0x561b82eca3e0 (16 bytes)
1710180060.995777 sending message 106 to peer 0x561b82eca3e0 (0 bytes)
1710180060.995786 sending message 200 to peer 0x561b82eca3e0 (4 bytes)
1710180060.995791 client loop enter
1710180060.995844 client_signal: Child exited
1710180061.082298 peer 0x561b82eca3e0 message 207
1710180061.082306 sending message 208 to peer 0x561b82eca3e0 (0 bytes)
1710180065.115141 peer 0x561b82eca3e0 message 203
1710180065.115166 sending message 205 to peer 0x561b82eca3e0 (0 bytes)
1710180065.115918 peer 0x561b82eca3e0 message 204
1710180065.115937 client loop exit
